* using log directory 'Z:/RForcecom/RForcecom/Rforcecom-0.1/RForcecom.Rcheck'
* using R version 2.13.0 (2011-04-13)
* using platform: x86_64-pc-mingw32 (64-bit)
* using session charset: CP932
* checking for file 'RForcecom/DESCRIPTION' ... OK
* checking extension type ... Package
* this is package 'RForcecom' version '0.1'
* checking package name space information ... OK
* checking package dependencies ... OK
* checking if this is a source package ... OK
* checking for .dll and .exe files ... OK
* checking whether package 'RForcecom' can be installed ... OK
* checking package directory ... OK
* checking for portable file names ... OK
* checking DESCRIPTION meta-information ... OK
* checking top-level files ... OK
* checking index information ... OK
* checking package subdirectories ... OK
* checking R files for non-ASCII characters ... OK
* checking R files for syntax errors ... OK
* checking whether the package can be loaded ... OK
* checking whether the package can be loaded with stated dependencies ... OK
* checking whether the package can be unloaded cleanly ... OK
* checking whether the name space can be loaded with stated dependencies ... OK
* checking whether the name space can be unloaded cleanly ... OK
* checking for unstated dependencies in R code ... OK
* checking S3 generic/method consistency ... OK
* checking replacement functions ... OK
* checking foreign function calls ... OK
* checking R code for possible problems ... OK
* checking Rd files ... OK
* checking Rd metadata ... OK
* checking Rd cross-references ... OK
* checking for missing documentation entries ... OK
* checking for code/documentation mismatches ... OK
* checking Rd \usage sections ... OK
* checking Rd contents ... OK
* checking for unstated dependencies in examples ... OK
* checking examples ... OK
* checking PDF version of manual ... OK
