* using log directory 'Z:/RForcecom/github/RForcecom/RForcecom.Rcheck'
* using R version 2.14.2 (2012-02-29)
* using platform: i386-pc-mingw32 (32-bit)
* using session charset: CP932
* checking for file 'RForcecom/DESCRIPTION' ... OK
* checking extension type ... Package
* this is package 'RForcecom' version '0.5'
* checking package namespace information ... OK
* checking package dependencies ... OK
* checking if this is a source package ... OK
* checking if there is a namespace ... OK
* checking for executable files ... OK
* checking whether package 'RForcecom' can be installed ... OK
* checking installed package size ... NOTE
  installed size is 18.0Mb
  sub-directories of 1Mb or more:
    Meta   5.0Mb
    R      3.0Mb
    help   5.0Mb
    html   2.0Mb
* checking package directory ... OK
* checking for portable file names ... OK
* checking DESCRIPTION meta-information ... OK
* checking top-level files ... OK
* checking index information ... OK
* checking package subdirectories ... OK
* checking R files for non-ASCII characters ... OK
* checking R files for syntax errors ... OK
* checking whether the package can be loaded ... OK
* checking whether the package can be loaded with stated dependencies ... OK
* checking whether the package can be unloaded cleanly ... OK
* checking whether the namespace can be loaded with stated dependencies ... OK
* checking whether the namespace can be unloaded cleanly ... OK
* checking for unstated dependencies in R code ... OK
* checking S3 generic/method consistency ... OK
* checking replacement functions ... OK
* checking foreign function calls ... OK
* checking R code for possible problems ... OK
* checking Rd files ... OK
* checking Rd metadata ... OK
* checking Rd cross-references ... OK
* checking for missing documentation entries ... OK
* checking for code/documentation mismatches ... OK
* checking Rd \usage sections ... OK
* checking Rd contents ... OK
* checking for unstated dependencies in examples ... OK
* checking examples ... OK
* checking PDF version of manual ... OK
